{"message":"::1 - - [14/May/2018:03:48:24 +0000] \"GET / HTTP/1.1\" 200 38\n","level":"info","timestamp":"2018-05-14 00:48:24"}
{"message":"API rodando com sucesso - porta 3000","level":"info","timestamp":"2018-05-14 00:49:34"}
{"message":"API rodando com sucesso - porta 3000","level":"info","timestamp":"2018-05-14 00:49:45"}
{"message":"API rodando com sucesso - porta 3000","level":"info","timestamp":"2018-05-14 00:50:49"}
{"message":"API rodando com sucesso - porta 3000","level":"info","timestamp":"2018-05-14 00:51:10"}
{"message":"API rodando com sucesso - porta 3000","level":"info","timestamp":"2018-05-14 00:51:59"}
{"message":"API rodando com sucesso - porta 3000","level":"info","timestamp":"2018-05-14 00:52:45"}
{"message":"::1 - - [14/May/2018:03:52:46 +0000] \"GET / HTTP/1.1\" 404 139\n","level":"error","timestamp":"2018-05-14 00:52:46"}
{"message":"::1 - - [14/May/2018:03:52:54 +0000] \"POST /auth/login HTTP/1.1\" 500 36\n","level":"error","timestamp":"2018-05-14 00:52:54"}
{"message":"API rodando com sucesso - porta 3000","level":"info","timestamp":"2018-05-14 00:53:19"}
{"message":"API rodando com sucesso - porta 3000","level":"info","timestamp":"2018-05-14 00:53:35"}
{"message":"API rodando com sucesso - porta 3000","level":"info","timestamp":"2018-05-14 00:53:40"}
{"message":"MongoError: there are no users authenticated","level":"error","timestamp":"2018-05-14 00:53:42"}
{"message":"::1 - - [14/May/2018:03:53:42 +0000] \"POST /auth/login HTTP/1.1\" 500 36\n","level":"error","timestamp":"2018-05-14 00:53:42"}
{"message":"API rodando com sucesso - porta 3000","level":"info","timestamp":"2018-05-14 00:56:26"}
{"message":"API rodando com sucesso - porta 3000","level":"info","timestamp":"2018-05-14 01:03:35"}
{"message":"API rodando com sucesso - porta 3000","level":"info","timestamp":"2018-05-14 01:03:41"}
{"message":"MongoError: there are no users authenticated","level":"error","timestamp":"2018-05-14 01:03:43"}
{"message":"::1 - - [14/May/2018:04:03:43 +0000] \"POST /auth/login HTTP/1.1\" 500 36\n","level":"error","timestamp":"2018-05-14 01:03:43"}
{"message":"API rodando com sucesso - porta 3000","level":"info","timestamp":"2018-05-14 01:04:34"}
{"message":"MongoError: there are no users authenticated","level":"error","timestamp":"2018-05-14 01:04:37"}
{"message":"::1 - - [14/May/2018:04:04:37 +0000] \"POST /auth/login HTTP/1.1\" 500 36\n","level":"error","timestamp":"2018-05-14 01:04:37"}
{"message":"API rodando com sucesso - porta 3000","level":"info","timestamp":"2018-05-14 01:04:47"}
{"message":"Falha ao iniciar: MongoNetworkError: failed to connect to server [localhossst:27017] on first connect [MongoNetworkError: getaddrinfo ENOTFOUND localhossst localhossst:27017]","level":"error","timestamp":"2018-05-14 01:05:06"}
{"message":"API rodando com sucesso - porta 3000","level":"info","timestamp":"2018-05-14 01:05:16"}
{"message":"API rodando com sucesso - porta 3000","level":"info","timestamp":"2018-05-14 01:07:30"}
{"message":"API rodando com sucesso - porta 3000","level":"info","timestamp":"2018-05-14 01:08:56"}
{"message":"API rodando com sucesso - porta 3000","level":"info","timestamp":"2018-05-14 01:09:41"}
{"message":"API rodando com sucesso - porta 3000","level":"info","timestamp":"2018-05-14 01:09:55"}
{"message":"API rodando com sucesso - porta 3000","level":"info","timestamp":"2018-05-14 01:10:19"}
{"message":"API rodando com sucesso - porta 3000","level":"info","timestamp":"2018-05-14 01:10:28"}
{"message":"Falha ao iniciar: Error: Cannot find module '../config/passport'","level":"error","timestamp":"2018-05-14 01:11:29"}
{"message":"API rodando com sucesso - porta 3000","level":"info","timestamp":"2018-05-14 01:11:38"}
{"message":"MongoError: there are no users authenticated","level":"error","timestamp":"2018-05-14 01:11:40"}
{"message":"::1 - - [14/May/2018:04:11:40 +0000] \"POST /auth/login HTTP/1.1\" 500 36\n","level":"error","timestamp":"2018-05-14 01:11:40"}
{"message":"API rodando com sucesso - porta 3000","level":"info","timestamp":"2018-05-14 01:11:54"}
{"message":"Falha ao iniciar: Error: Cannot find module './status'","level":"error","timestamp":"2018-05-14 01:13:28"}
{"message":"Falha ao iniciar: TypeError: Cannot read property 'app' of undefined","level":"error","timestamp":"2018-05-14 01:13:33"}
{"message":"Falha ao iniciar: TypeError: Cannot read property 'app' of undefined","level":"error","timestamp":"2018-05-14 01:13:40"}
{"message":"Falha ao iniciar: TypeError: Cannot read property 'app' of undefined","level":"error","timestamp":"2018-05-14 01:13:45"}
{"message":"API rodando com sucesso - porta 3000","level":"info","timestamp":"2018-05-14 01:13:57"}
{"message":"MongoError: there are no users authenticated","level":"error","timestamp":"2018-05-14 01:13:59"}
{"message":"::1 - - [14/May/2018:04:13:59 +0000] \"POST /auth/login HTTP/1.1\" 500 36\n","level":"error","timestamp":"2018-05-14 01:13:59"}
{"message":"::1 - - [14/May/2018:04:14:06 +0000] \"GET / HTTP/1.1\" 200 38\n","level":"info","timestamp":"2018-05-14 01:14:06"}
{"message":"API rodando com sucesso - porta 3000","level":"info","timestamp":"2018-05-14 01:14:38"}
{"message":"API rodando com sucesso - porta 3000","level":"info","timestamp":"2018-05-14 01:15:01"}
{"message":"API rodando com sucesso - porta 3000","level":"info","timestamp":"2018-05-14 01:17:31"}
{"message":"API rodando com sucesso - porta 3000","level":"info","timestamp":"2018-05-14 01:18:24"}
{"message":"API rodando com sucesso - porta 3000","level":"info","timestamp":"2018-05-14 01:19:49"}
{"message":"API rodando com sucesso - porta 3000","level":"info","timestamp":"2018-05-14 01:19:58"}
{"message":"API rodando com sucesso - porta 3000","level":"info","timestamp":"2018-05-14 01:20:36"}
{"message":"API rodando com sucesso - porta 3000","level":"info","timestamp":"2018-05-14 01:21:26"}
{"message":"API rodando com sucesso - porta 3000","level":"info","timestamp":"2018-05-14 01:22:38"}
{"message":"API rodando com sucesso - porta 3000","level":"info","timestamp":"2018-05-14 01:22:51"}
{"message":"API rodando com sucesso - porta 3000","level":"info","timestamp":"2018-05-14 01:23:25"}
{"message":"::ffff:127.0.0.1 - - [14/May/2018:04:26:17 +0000] \"GET // HTTP/1.1\" 404 140\n","level":"error","timestamp":"2018-05-14 01:26:17"}
{"message":"::ffff:127.0.0.1 - - [14/May/2018:04:26:55 +0000] \"GET // HTTP/1.1\" 404 140\n","level":"error","timestamp":"2018-05-14 01:26:55"}
{"message":"::ffff:127.0.0.1 - - [14/May/2018:04:27:36 +0000] \"GET / HTTP/1.1\" 200 38\n","level":"info","timestamp":"2018-05-14 01:27:36"}
{"message":"::ffff:127.0.0.1 - - [14/May/2018:04:29:02 +0000] \"GET / HTTP/1.1\" 200 38\n","level":"info","timestamp":"2018-05-14 01:29:02"}
{"message":"::ffff:127.0.0.1 - - [14/May/2018:04:29:13 +0000] \"GET / HTTP/1.1\" 200 38\n","level":"info","timestamp":"2018-05-14 01:29:13"}
{"message":"::ffff:127.0.0.1 - - [14/May/2018:04:31:08 +0000] \"GET / HTTP/1.1\" 200 38\n","level":"info","timestamp":"2018-05-14 01:31:08"}
{"message":"::ffff:127.0.0.1 - - [14/May/2018:04:35:30 +0000] \"GET / HTTP/1.1\" 200 38\n","level":"info","timestamp":"2018-05-14 01:35:30"}
{"message":"::ffff:127.0.0.1 - - [14/May/2018:04:35:42 +0000] \"GET / HTTP/1.1\" 200 38\n","level":"info","timestamp":"2018-05-14 01:35:42"}
{"message":"::ffff:127.0.0.1 - - [14/May/2018:04:37:14 +0000] \"GET / HTTP/1.1\" 200 38\n","level":"info","timestamp":"2018-05-14 01:37:14"}
{"message":"::ffff:127.0.0.1 - - [14/May/2018:04:39:23 +0000] \"GET / HTTP/1.1\" 200 38\n","level":"info","timestamp":"2018-05-14 01:39:23"}
{"message":"::ffff:127.0.0.1 - - [14/May/2018:04:40:44 +0000] \"GET / HTTP/1.1\" 200 38\n","level":"info","timestamp":"2018-05-14 01:40:44"}
{"message":"::ffff:127.0.0.1 - - [14/May/2018:04:41:07 +0000] \"GET / HTTP/1.1\" 200 38\n","level":"info","timestamp":"2018-05-14 01:41:07"}
{"message":"::ffff:127.0.0.1 - - [14/May/2018:04:49:06 +0000] \"GET / HTTP/1.1\" 200 38\n","level":"info","timestamp":"2018-05-14 01:49:06"}
{"message":"::ffff:127.0.0.1 - - [14/May/2018:04:49:25 +0000] \"GET / HTTP/1.1\" 200 38\n","level":"info","timestamp":"2018-05-14 01:49:25"}
{"message":"::ffff:127.0.0.1 - - [14/May/2018:05:30:37 +0000] \"GET / HTTP/1.1\" 200 38\n","level":"info","timestamp":"2018-05-14 02:30:37"}
{"message":"API rodando com sucesso - porta 3000","level":"info","timestamp":"2018-05-14 02:31:49"}
{"message":"::1 - - [14/May/2018:05:31:49 +0000] \"GET / HTTP/1.1\" 200 38\n","level":"info","timestamp":"2018-05-14 02:31:49"}
{"message":"::1 - - [14/May/2018:05:32:07 +0000] \"POST /auth/login HTTP/1.1\" 401 102\n","level":"error","timestamp":"2018-05-14 02:32:07"}
{"message":"Falha ao iniciar: ReferenceError: path is not defined","level":"error","timestamp":"2018-05-14 02:32:38"}
{"message":"Falha ao iniciar: ReferenceError: path is not defined","level":"error","timestamp":"2018-05-14 02:33:47"}
{"message":"Falha ao iniciar: TypeError: Cannot read property 'auth' of undefined","level":"error","timestamp":"2018-05-14 02:34:16"}
{"message":"API rodando com sucesso - porta 3000","level":"info","timestamp":"2018-05-14 02:35:08"}
{"message":"::1 - - [14/May/2018:05:35:10 +0000] \"POST /auth/login HTTP/1.1\" 401 102\n","level":"error","timestamp":"2018-05-14 02:35:10"}
{"message":"::1 - - [14/May/2018:05:35:17 +0000] \"POST /user HTTP/1.1\" 404 144\n","level":"error","timestamp":"2018-05-14 02:35:17"}
{"message":"::1 - - [14/May/2018:05:35:21 +0000] \"GET /user HTTP/1.1\" 404 143\n","level":"error","timestamp":"2018-05-14 02:35:21"}
{"message":"::1 - - [14/May/2018:05:35:25 +0000] \"GET /users HTTP/1.1\" 200 12\n","level":"info","timestamp":"2018-05-14 02:35:25"}
{"message":"::1 - - [14/May/2018:05:35:32 +0000] \"GET /user/51 HTTP/1.1\" 404 68\n","level":"error","timestamp":"2018-05-14 02:35:32"}
{"message":"API rodando com sucesso - porta 3000","level":"info","timestamp":"2018-05-14 02:36:26"}
{"message":"::1 - - [14/May/2018:05:36:28 +0000] \"GET /register HTTP/1.1\" 404 147\n","level":"error","timestamp":"2018-05-14 02:36:28"}
{"message":"::1 - - [14/May/2018:05:36:34 +0000] \"GET /user/51 HTTP/1.1\" 404 68\n","level":"error","timestamp":"2018-05-14 02:36:34"}
{"message":"::1 - - [14/May/2018:05:37:33 +0000] \"POST /register HTTP/1.1\" 404 148\n","level":"error","timestamp":"2018-05-14 02:37:33"}
{"message":"::1 - - [14/May/2018:05:37:54 +0000] \"POST /user/register HTTP/1.1\" - -\n","level":"error","timestamp":"2018-05-14 02:37:54"}
{"message":"API rodando com sucesso - porta 3000","level":"info","timestamp":"2018-05-14 02:39:19"}
{"message":"::1 - - [14/May/2018:05:39:23 +0000] \"POST /user/register HTTP/1.1\" - -\n","level":"error","timestamp":"2018-05-14 02:39:23"}
{"message":"API rodando com sucesso - porta 3000","level":"info","timestamp":"2018-05-14 02:39:36"}
{"message":"Falha ao iniciar: ReferenceError: vm is not defined","level":"error","timestamp":"2018-05-14 02:39:49"}
{"message":"Falha ao iniciar: ReferenceError: vm is not defined","level":"error","timestamp":"2018-05-14 02:40:02"}
{"message":"Falha ao iniciar: ReferenceError: vm is not defined","level":"error","timestamp":"2018-05-14 02:40:31"}
{"message":"API rodando com sucesso - porta 3000","level":"info","timestamp":"2018-05-14 02:40:42"}
{"message":"API rodando com sucesso - porta 3000","level":"info","timestamp":"2018-05-14 02:41:04"}
{"message":"API rodando com sucesso - porta 3000","level":"info","timestamp":"2018-05-14 02:41:51"}
{"message":"::1 - - [14/May/2018:05:41:55 +0000] \"POST /user/register HTTP/1.1\" - -\n","level":"error","timestamp":"2018-05-14 02:41:55"}
{"message":"::1 - - [14/May/2018:05:41:58 +0000] \"POST /user/register HTTP/1.1\" - -\n","level":"error","timestamp":"2018-05-14 02:41:58"}
{"message":"API rodando com sucesso - porta 3000","level":"info","timestamp":"2018-05-14 02:42:33"}
{"message":"API rodando com sucesso - porta 3000","level":"info","timestamp":"2018-05-14 02:43:14"}
{"message":"API rodando com sucesso - porta 3000","level":"info","timestamp":"2018-05-14 02:43:32"}
{"message":"::1 - - [14/May/2018:05:43:38 +0000] \"POST /user/register HTTP/1.1\" - -\n","level":"error","timestamp":"2018-05-14 02:43:38"}
{"message":"API rodando com sucesso - porta 3000","level":"info","timestamp":"2018-05-14 02:44:03"}
{"message":"API rodando com sucesso - porta 3000","level":"info","timestamp":"2018-05-14 02:44:18"}
{"message":"::1 - - [14/May/2018:05:44:24 +0000] \"GET /users HTTP/1.1\" 400 2\n","level":"error","timestamp":"2018-05-14 02:44:24"}
{"message":"::1 - - [14/May/2018:05:44:33 +0000] \"GET /users HTTP/1.1\" 400 2\n","level":"error","timestamp":"2018-05-14 02:44:33"}
{"message":"API rodando com sucesso - porta 3000","level":"info","timestamp":"2018-05-14 02:44:44"}
{"message":"::1 - - [14/May/2018:05:44:46 +0000] \"GET /users HTTP/1.1\" 400 2\n","level":"error","timestamp":"2018-05-14 02:44:46"}
{"message":"API rodando com sucesso - porta 3000","level":"info","timestamp":"2018-05-14 02:44:55"}
{"message":"::1 - - [14/May/2018:05:44:56 +0000] \"GET /users HTTP/1.1\" 200 12\n","level":"info","timestamp":"2018-05-14 02:44:56"}
{"message":"API rodando com sucesso - porta 3000","level":"info","timestamp":"2018-05-14 02:45:08"}
{"message":"API rodando com sucesso - porta 3000","level":"info","timestamp":"2018-05-14 02:47:52"}
{"message":"::1 - - [14/May/2018:05:48:23 +0000] \"GET /users HTTP/1.1\" 200 12\n","level":"info","timestamp":"2018-05-14 02:48:23"}
{"message":"::1 - - [14/May/2018:05:48:29 +0000] \"POST /user/register HTTP/1.1\" - -\n","level":"error","timestamp":"2018-05-14 02:48:29"}
{"message":"API rodando com sucesso - porta 3000","level":"info","timestamp":"2018-05-14 02:50:05"}
{"message":"::1 - - [14/May/2018:05:50:08 +0000] \"POST /user/register HTTP/1.1\" - -\n","level":"error","timestamp":"2018-05-14 02:50:08"}
{"message":"API rodando com sucesso - porta 3000","level":"info","timestamp":"2018-05-14 02:50:26"}
{"message":"::1 - - [14/May/2018:05:50:29 +0000] \"POST /user/register HTTP/1.1\" - -\n","level":"error","timestamp":"2018-05-14 02:50:29"}
{"message":"API rodando com sucesso - porta 3000","level":"info","timestamp":"2018-05-14 02:50:46"}
{"message":"API rodando com sucesso - porta 3000","level":"info","timestamp":"2018-05-14 02:51:38"}
{"message":"::1 - - [14/May/2018:05:51:41 +0000] \"POST /user/register HTTP/1.1\" - -\n","level":"error","timestamp":"2018-05-14 02:51:41"}
{"message":"API rodando com sucesso - porta 3000","level":"info","timestamp":"2018-05-14 02:51:53"}
{"message":"API rodando com sucesso - porta 3000","level":"info","timestamp":"2018-05-14 02:52:15"}
{"message":"API rodando com sucesso - porta 3000","level":"info","timestamp":"2018-05-14 02:52:28"}
{"message":"::1 - - [14/May/2018:05:52:29 +0000] \"GET /users HTTP/1.1\" 200 12\n","level":"info","timestamp":"2018-05-14 02:52:29"}
{"message":"API rodando com sucesso - porta 3000","level":"info","timestamp":"2018-05-14 02:52:49"}
{"message":"::1 - - [14/May/2018:05:52:52 +0000] \"GET /users HTTP/1.1\" 200 12\n","level":"info","timestamp":"2018-05-14 02:52:52"}
{"message":"API rodando com sucesso - porta 3000","level":"info","timestamp":"2018-05-14 02:53:26"}
{"message":"::1 - - [14/May/2018:05:53:27 +0000] \"GET /users HTTP/1.1\" 200 12\n","level":"info","timestamp":"2018-05-14 02:53:27"}
{"message":"::1 - - [14/May/2018:05:53:38 +0000] \"POST /user/register HTTP/1.1\" - -\n","level":"error","timestamp":"2018-05-14 02:53:38"}
{"message":"API rodando com sucesso - porta 3000","level":"info","timestamp":"2018-05-14 02:54:01"}
{"message":"::1 - - [14/May/2018:05:54:06 +0000] \"POST /user/register HTTP/1.1\" - -\n","level":"error","timestamp":"2018-05-14 02:54:06"}
{"message":"API rodando com sucesso - porta 3000","level":"info","timestamp":"2018-05-14 02:54:16"}
{"message":"API rodando com sucesso - porta 3000","level":"info","timestamp":"2018-05-14 02:54:22"}
{"message":"::1 - - [14/May/2018:05:54:25 +0000] \"POST /user/register HTTP/1.1\" - -\n","level":"error","timestamp":"2018-05-14 02:54:25"}
{"message":"API rodando com sucesso - porta 3000","level":"info","timestamp":"2018-05-14 02:55:18"}
{"message":"::1 - - [14/May/2018:05:55:23 +0000] \"GET /users HTTP/1.1\" 200 12\n","level":"info","timestamp":"2018-05-14 02:55:23"}
{"message":"API rodando com sucesso - porta 3000","level":"info","timestamp":"2018-05-14 02:56:44"}
{"message":"::1 - - [14/May/2018:05:56:50 +0000] \"GET /users HTTP/1.1\" 200 12\n","level":"info","timestamp":"2018-05-14 02:56:50"}
{"message":"API rodando com sucesso - porta 3000","level":"info","timestamp":"2018-05-14 02:57:11"}
{"message":"::1 - - [14/May/2018:05:57:12 +0000] \"GET /users HTTP/1.1\" 200 12\n","level":"info","timestamp":"2018-05-14 02:57:12"}
{"message":"::1 - - [14/May/2018:05:57:26 +0000] \"POST /user/register HTTP/1.1\" 201 33\n","level":"info","timestamp":"2018-05-14 02:57:26"}
{"message":"::1 - - [14/May/2018:05:58:05 +0000] \"GET /users HTTP/1.1\" 200 243\n","level":"info","timestamp":"2018-05-14 02:58:05"}
{"message":"TypeError: Cannot read property '_isPassword' of undefined","level":"error","timestamp":"2018-05-14 02:58:38"}
{"message":"::1 - - [14/May/2018:05:58:38 +0000] \"POST /auth/login HTTP/1.1\" 500 36\n","level":"error","timestamp":"2018-05-14 02:58:38"}
{"message":"API rodando com sucesso - porta 3000","level":"info","timestamp":"2018-05-14 02:58:55"}
{"message":"API rodando com sucesso - porta 3000","level":"info","timestamp":"2018-05-14 02:59:34"}
{"message":"API rodando com sucesso - porta 3000","level":"info","timestamp":"2018-05-14 03:00:47"}
{"message":"API rodando com sucesso - porta 3000","level":"info","timestamp":"2018-05-14 03:01:01"}
{"message":"API rodando com sucesso - porta 3000","level":"info","timestamp":"2018-05-14 03:02:01"}
{"message":"API rodando com sucesso - porta 3000","level":"info","timestamp":"2018-05-14 03:02:15"}
{"message":"::1 - - [14/May/2018:06:02:16 +0000] \"POST /auth/login HTTP/1.1\" 400 2\n","level":"error","timestamp":"2018-05-14 03:02:16"}
{"message":"API rodando com sucesso - porta 3000","level":"info","timestamp":"2018-05-14 03:02:39"}
{"message":"API rodando com sucesso - porta 3000","level":"info","timestamp":"2018-05-14 03:03:16"}
{"message":"Falha ao iniciar: TypeError: Cannot read property 'pathBase' of undefined","level":"error","timestamp":"2018-05-14 03:03:43"}
{"message":"API rodando com sucesso - porta 3000","level":"info","timestamp":"2018-05-14 03:04:02"}
{"message":"API rodando com sucesso - porta 3000","level":"info","timestamp":"2018-05-14 03:04:08"}
{"message":"API rodando com sucesso - porta 3000","level":"info","timestamp":"2018-05-14 03:04:12"}
{"message":"::1 - - [14/May/2018:06:04:16 +0000] \"POST /auth/login HTTP/1.1\" - -\n","level":"info","timestamp":"2018-05-14 03:04:16"}
{"message":"API rodando com sucesso - porta 3000","level":"info","timestamp":"2018-05-14 03:04:54"}
{"message":"API rodando com sucesso - porta 3000","level":"info","timestamp":"2018-05-14 03:05:04"}
{"message":"API rodando com sucesso - porta 3000","level":"info","timestamp":"2018-05-14 03:05:08"}
{"message":"::1 - - [14/May/2018:06:05:10 +0000] \"POST /auth/login HTTP/1.1\" 202 732\n","level":"info","timestamp":"2018-05-14 03:05:10"}
{"message":"undefined: undefined","level":"error","timestamp":"2018-05-14 03:05:14"}
{"message":"::1 - - [14/May/2018:06:05:14 +0000] \"POST /auth/login HTTP/1.1\" 202 36\n","level":"info","timestamp":"2018-05-14 03:05:14"}
{"message":"API rodando com sucesso - porta 3000","level":"info","timestamp":"2018-05-14 03:06:09"}
{"message":"API rodando com sucesso - porta 3000","level":"info","timestamp":"2018-05-14 03:06:12"}
{"message":"::1 - - [14/May/2018:06:06:13 +0000] \"POST /auth/login HTTP/1.1\" 202 27\n","level":"info","timestamp":"2018-05-14 03:06:13"}
{"message":"::1 - - [14/May/2018:06:06:31 +0000] \"POST /auth/login HTTP/1.1\" 202 732\n","level":"info","timestamp":"2018-05-14 03:06:31"}
{"message":"::1 - - [14/May/2018:06:06:35 +0000] \"POST /auth/login HTTP/1.1\" 401 102\n","level":"error","timestamp":"2018-05-14 03:06:35"}
{"message":"::1 - - [14/May/2018:06:06:42 +0000] \"POST /auth/login HTTP/1.1\" 202 27\n","level":"info","timestamp":"2018-05-14 03:06:42"}
{"message":"API rodando com sucesso - porta 3000","level":"info","timestamp":"2018-05-14 03:07:20"}
{"message":"::1 - - [14/May/2018:06:07:21 +0000] \"POST /auth/login HTTP/1.1\" 202 67\n","level":"info","timestamp":"2018-05-14 03:07:21"}
{"message":"API rodando com sucesso - porta 3000","level":"info","timestamp":"2018-05-14 03:07:48"}
{"message":"::1 - - [14/May/2018:06:07:49 +0000] \"POST /auth/login HTTP/1.1\" 202 67\n","level":"info","timestamp":"2018-05-14 03:07:49"}
{"message":"API rodando com sucesso - porta 3000","level":"info","timestamp":"2018-05-14 03:08:04"}
{"message":"::1 - - [14/May/2018:06:08:22 +0000] \"POST /auth/login HTTP/1.1\" 202 67\n","level":"info","timestamp":"2018-05-14 03:08:22"}
