{"message":"::1 - - [14/May/2018:03:52:46 +0000] \"GET / HTTP/1.1\" 404 139\n","level":"error","timestamp":"2018-05-14 00:52:46"}
{"message":"::1 - - [14/May/2018:03:52:54 +0000] \"POST /auth/login HTTP/1.1\" 500 36\n","level":"error","timestamp":"2018-05-14 00:52:54"}
{"message":"MongoError: there are no users authenticated","level":"error","timestamp":"2018-05-14 00:53:42"}
{"message":"::1 - - [14/May/2018:03:53:42 +0000] \"POST /auth/login HTTP/1.1\" 500 36\n","level":"error","timestamp":"2018-05-14 00:53:42"}
{"message":"MongoError: there are no users authenticated","level":"error","timestamp":"2018-05-14 01:03:43"}
{"message":"::1 - - [14/May/2018:04:03:43 +0000] \"POST /auth/login HTTP/1.1\" 500 36\n","level":"error","timestamp":"2018-05-14 01:03:43"}
{"message":"MongoError: there are no users authenticated","level":"error","timestamp":"2018-05-14 01:04:37"}
{"message":"::1 - - [14/May/2018:04:04:37 +0000] \"POST /auth/login HTTP/1.1\" 500 36\n","level":"error","timestamp":"2018-05-14 01:04:37"}
{"message":"Falha ao iniciar: MongoNetworkError: failed to connect to server [localhossst:27017] on first connect [MongoNetworkError: getaddrinfo ENOTFOUND localhossst localhossst:27017]","level":"error","timestamp":"2018-05-14 01:05:06"}
{"message":"Falha ao iniciar: Error: Cannot find module '../config/passport'","level":"error","timestamp":"2018-05-14 01:11:29"}
{"message":"MongoError: there are no users authenticated","level":"error","timestamp":"2018-05-14 01:11:40"}
{"message":"::1 - - [14/May/2018:04:11:40 +0000] \"POST /auth/login HTTP/1.1\" 500 36\n","level":"error","timestamp":"2018-05-14 01:11:40"}
{"message":"Falha ao iniciar: Error: Cannot find module './status'","level":"error","timestamp":"2018-05-14 01:13:28"}
{"message":"Falha ao iniciar: TypeError: Cannot read property 'app' of undefined","level":"error","timestamp":"2018-05-14 01:13:33"}
{"message":"Falha ao iniciar: TypeError: Cannot read property 'app' of undefined","level":"error","timestamp":"2018-05-14 01:13:40"}
{"message":"Falha ao iniciar: TypeError: Cannot read property 'app' of undefined","level":"error","timestamp":"2018-05-14 01:13:45"}
{"message":"MongoError: there are no users authenticated","level":"error","timestamp":"2018-05-14 01:13:59"}
{"message":"::1 - - [14/May/2018:04:13:59 +0000] \"POST /auth/login HTTP/1.1\" 500 36\n","level":"error","timestamp":"2018-05-14 01:13:59"}
{"message":"::ffff:127.0.0.1 - - [14/May/2018:04:26:17 +0000] \"GET // HTTP/1.1\" 404 140\n","level":"error","timestamp":"2018-05-14 01:26:17"}
{"message":"::ffff:127.0.0.1 - - [14/May/2018:04:26:55 +0000] \"GET // HTTP/1.1\" 404 140\n","level":"error","timestamp":"2018-05-14 01:26:55"}
{"message":"::1 - - [14/May/2018:05:32:07 +0000] \"POST /auth/login HTTP/1.1\" 401 102\n","level":"error","timestamp":"2018-05-14 02:32:07"}
{"message":"Falha ao iniciar: ReferenceError: path is not defined","level":"error","timestamp":"2018-05-14 02:32:38"}
{"message":"Falha ao iniciar: ReferenceError: path is not defined","level":"error","timestamp":"2018-05-14 02:33:47"}
{"message":"Falha ao iniciar: TypeError: Cannot read property 'auth' of undefined","level":"error","timestamp":"2018-05-14 02:34:16"}
{"message":"::1 - - [14/May/2018:05:35:10 +0000] \"POST /auth/login HTTP/1.1\" 401 102\n","level":"error","timestamp":"2018-05-14 02:35:10"}
{"message":"::1 - - [14/May/2018:05:35:17 +0000] \"POST /user HTTP/1.1\" 404 144\n","level":"error","timestamp":"2018-05-14 02:35:17"}
{"message":"::1 - - [14/May/2018:05:35:21 +0000] \"GET /user HTTP/1.1\" 404 143\n","level":"error","timestamp":"2018-05-14 02:35:21"}
{"message":"::1 - - [14/May/2018:05:35:32 +0000] \"GET /user/51 HTTP/1.1\" 404 68\n","level":"error","timestamp":"2018-05-14 02:35:32"}
{"message":"::1 - - [14/May/2018:05:36:28 +0000] \"GET /register HTTP/1.1\" 404 147\n","level":"error","timestamp":"2018-05-14 02:36:28"}
{"message":"::1 - - [14/May/2018:05:36:34 +0000] \"GET /user/51 HTTP/1.1\" 404 68\n","level":"error","timestamp":"2018-05-14 02:36:34"}
{"message":"::1 - - [14/May/2018:05:37:33 +0000] \"POST /register HTTP/1.1\" 404 148\n","level":"error","timestamp":"2018-05-14 02:37:33"}
{"message":"::1 - - [14/May/2018:05:37:54 +0000] \"POST /user/register HTTP/1.1\" - -\n","level":"error","timestamp":"2018-05-14 02:37:54"}
{"message":"::1 - - [14/May/2018:05:39:23 +0000] \"POST /user/register HTTP/1.1\" - -\n","level":"error","timestamp":"2018-05-14 02:39:23"}
{"message":"Falha ao iniciar: ReferenceError: vm is not defined","level":"error","timestamp":"2018-05-14 02:39:49"}
{"message":"Falha ao iniciar: ReferenceError: vm is not defined","level":"error","timestamp":"2018-05-14 02:40:02"}
{"message":"Falha ao iniciar: ReferenceError: vm is not defined","level":"error","timestamp":"2018-05-14 02:40:31"}
{"message":"::1 - - [14/May/2018:05:41:55 +0000] \"POST /user/register HTTP/1.1\" - -\n","level":"error","timestamp":"2018-05-14 02:41:55"}
{"message":"::1 - - [14/May/2018:05:41:58 +0000] \"POST /user/register HTTP/1.1\" - -\n","level":"error","timestamp":"2018-05-14 02:41:58"}
{"message":"::1 - - [14/May/2018:05:43:38 +0000] \"POST /user/register HTTP/1.1\" - -\n","level":"error","timestamp":"2018-05-14 02:43:38"}
{"message":"::1 - - [14/May/2018:05:44:24 +0000] \"GET /users HTTP/1.1\" 400 2\n","level":"error","timestamp":"2018-05-14 02:44:24"}
{"message":"::1 - - [14/May/2018:05:44:33 +0000] \"GET /users HTTP/1.1\" 400 2\n","level":"error","timestamp":"2018-05-14 02:44:33"}
{"message":"::1 - - [14/May/2018:05:44:46 +0000] \"GET /users HTTP/1.1\" 400 2\n","level":"error","timestamp":"2018-05-14 02:44:46"}
{"message":"::1 - - [14/May/2018:05:48:29 +0000] \"POST /user/register HTTP/1.1\" - -\n","level":"error","timestamp":"2018-05-14 02:48:29"}
{"message":"::1 - - [14/May/2018:05:50:08 +0000] \"POST /user/register HTTP/1.1\" - -\n","level":"error","timestamp":"2018-05-14 02:50:08"}
{"message":"::1 - - [14/May/2018:05:50:29 +0000] \"POST /user/register HTTP/1.1\" - -\n","level":"error","timestamp":"2018-05-14 02:50:29"}
{"message":"::1 - - [14/May/2018:05:51:41 +0000] \"POST /user/register HTTP/1.1\" - -\n","level":"error","timestamp":"2018-05-14 02:51:41"}
{"message":"::1 - - [14/May/2018:05:53:38 +0000] \"POST /user/register HTTP/1.1\" - -\n","level":"error","timestamp":"2018-05-14 02:53:38"}
{"message":"::1 - - [14/May/2018:05:54:06 +0000] \"POST /user/register HTTP/1.1\" - -\n","level":"error","timestamp":"2018-05-14 02:54:06"}
{"message":"::1 - - [14/May/2018:05:54:25 +0000] \"POST /user/register HTTP/1.1\" - -\n","level":"error","timestamp":"2018-05-14 02:54:25"}
{"message":"TypeError: Cannot read property '_isPassword' of undefined","level":"error","timestamp":"2018-05-14 02:58:38"}
{"message":"::1 - - [14/May/2018:05:58:38 +0000] \"POST /auth/login HTTP/1.1\" 500 36\n","level":"error","timestamp":"2018-05-14 02:58:38"}
{"message":"::1 - - [14/May/2018:06:02:16 +0000] \"POST /auth/login HTTP/1.1\" 400 2\n","level":"error","timestamp":"2018-05-14 03:02:16"}
{"message":"Falha ao iniciar: TypeError: Cannot read property 'pathBase' of undefined","level":"error","timestamp":"2018-05-14 03:03:43"}
{"message":"undefined: undefined","level":"error","timestamp":"2018-05-14 03:05:14"}
{"message":"::1 - - [14/May/2018:06:06:35 +0000] \"POST /auth/login HTTP/1.1\" 401 102\n","level":"error","timestamp":"2018-05-14 03:06:35"}
